Release 14.7 - xst P.20131013 (nt)
Copyright (c) 1995-2013 Xilinx, Inc.  All rights reserved.
--> Parameter TMPDIR set to xst/projnav.tmp


Total REAL time to Xst completion: 0.00 secs
Total CPU time to Xst completion: 0.17 secs
 
--> Parameter xsthdpdir set to xst


Total REAL time to Xst completion: 0.00 secs
Total CPU time to Xst completion: 0.17 secs
 
--> Reading design: PSR_Modifier.prj

TABLE OF CONTENTS
  1) Synthesis Options Summary
  2) HDL Parsing
  3) HDL Elaboration
  4) HDL Synthesis
       4.1) HDL Synthesis Report
  5) Advanced HDL Synthesis
       5.1) Advanced HDL Synthesis Report
  6) Low Level Synthesis
  7) Partition Report
  8) Design Summary
       8.1) Primitive and Black Box Usage
       8.2) Device utilization summary
       8.3) Partition Resource Summary
       8.4) Timing Report
            8.4.1) Clock Information
            8.4.2) Asynchronous Control Signals Information
            8.4.3) Timing Summary
            8.4.4) Timing Details
            8.4.5) Cross Clock Domains Report


=========================================================================
*                      Synthesis Options Summary                        *
=========================================================================
---- Source Parameters
Input File Name                    : "PSR_Modifier.prj"
Ignore Synthesis Constraint File   : NO

---- Target Parameters
Output File Name                   : "PSR_Modifier"
Output Format                      : NGC
Target Device                      : xc7a100t-3-csg324

---- Source Options
Top Module Name                    : PSR_Modifier
Automatic FSM Extraction           : YES
FSM Encoding Algorithm             : Auto
Safe Implementation                : No
FSM Style                          : LUT
RAM Extraction                     : Yes
RAM Style                          : Auto
ROM Extraction                     : Yes
Shift Register Extraction          : YES
ROM Style                          : Auto
Resource Sharing                   : YES
Asynchronous To Synchronous        : NO
Shift Register Minimum Size        : 2
Use DSP Block                      : Auto
Automatic Register Balancing       : No

---- Target Options
LUT Combining                      : Auto
Reduce Control Sets                : Auto
Add IO Buffers                     : YES
Global Maximum Fanout              : 100000
Add Generic Clock Buffer(BUFG)     : 32
Register Duplication               : YES
Optimize Instantiated Primitives   : NO
Use Clock Enable                   : Auto
Use Synchronous Set                : Auto
Use Synchronous Reset              : Auto
Pack IO Registers into IOBs        : Auto
Equivalent register Removal        : YES

---- General Options
Optimization Goal                  : Speed
Optimization Effort                : 1
Power Reduction                    : NO
Keep Hierarchy                     : No
Netlist Hierarchy                  : As_Optimized
RTL Output                         : Yes
Global Optimization                : AllClockNets
Read Cores                         : YES
Write Timing Constraints           : NO
Cross Clock Analysis               : NO
Hierarchy Separator                : /
Bus Delimiter                      : <>
Case Specifier                     : Maintain
Slice Utilization Ratio            : 100
BRAM Utilization Ratio             : 100
DSP48 Utilization Ratio            : 100
Auto BRAM Packing                  : NO
Slice Utilization Ratio Delta      : 5

=========================================================================


=========================================================================
*                          HDL Parsing                                  *
=========================================================================
Parsing VHDL file "C:\Users\Angela\Desktop\oscar\arquitectura\procesadorIII\PSR_Modifier.vhd" into library work
Parsing entity <PSR_Modifier>.
Parsing architecture <Behavioral> of entity <psr_modifier>.

=========================================================================
*                            HDL Elaboration                            *
=========================================================================

Elaborating entity <PSR_Modifier> (architecture <Behavioral>) from library <work>.
WARNING:HDLCompiler:92 - "C:\Users\Angela\Desktop\oscar\arquitectura\procesadorIII\PSR_Modifier.vhd" Line 25: t should be on the sensitivity list of the process

=========================================================================
*                           HDL Synthesis                               *
=========================================================================

Synthesizing Unit <PSR_Modifier>.
    Related source file is "C:\Users\Angela\Desktop\oscar\arquitectura\procesadorIII\PSR_Modifier.vhd".
WARNING:Xst:737 - Found 1-bit latch for signal <nzvc<2>>. Latches may be generated from incomplete case or if statements. We do not recommend the use of latches in FPGA/CPLD designs, as they may lead to timing problems.
WARNING:Xst:737 - Found 1-bit latch for signal <nzvc<1>>. Latches may be generated from incomplete case or if statements. We do not recommend the use of latches in FPGA/CPLD designs, as they may lead to timing problems.
WARNING:Xst:737 - Found 1-bit latch for signal <nzvc<0>>. Latches may be generated from incomplete case or if statements. We do not recommend the use of latches in FPGA/CPLD designs, as they may lead to timing problems.
WARNING:Xst:737 - Found 1-bit latch for signal <nzvc<3>>. Latches may be generated from incomplete case or if statements. We do not recommend the use of latches in FPGA/CPLD designs, as they may lead to timing problems.
    Summary:
	inferred   4 Latch(s).
	inferred  10 Multiplexer(s).
Unit <PSR_Modifier> synthesized.

=========================================================================
HDL Synthesis Report

Macro Statistics
# Latches                                              : 4
 1-bit latch                                           : 4
# Multiplexers                                         : 10
 1-bit 2-to-1 multiplexer                              : 10

=========================================================================

=========================================================================
*                       Advanced HDL Synthesis                          *
=========================================================================


=========================================================================
Advanced HDL Synthesis Report

Macro Statistics
# Multiplexers                                         : 10
 1-bit 2-to-1 multiplexer                              : 10

=========================================================================

=========================================================================
*                         Low Level Synthesis                           *
=========================================================================

Optimizing unit <PSR_Modifier> ...

Mapping all equations...
Building and optimizing final netlist ...
Found area constraint ratio of 100 (+ 5) on block PSR_Modifier, actual ratio is 0.

Final Macro Processing ...

=========================================================================
Final Register Report

Found no macro
=========================================================================

=========================================================================
*                           Partition Report                            *
=========================================================================

Partition Implementation Status
-------------------------------

  No Partitions were found in this design.

-------------------------------

=========================================================================
*                            Design Summary                             *
=========================================================================

Top Level Output File Name         : PSR_Modifier.ngc

Primitive and Black Box Usage:
------------------------------
# BELS                             : 13
#      LUT3                        : 1
#      LUT4                        : 2
#      LUT5                        : 1
#      LUT6                        : 9
# FlipFlops/Latches                : 4
#      LD                          : 4
# IO Buffers                       : 44
#      IBUF                        : 40
#      OBUF                        : 4

Device utilization summary:
---------------------------

Selected Device : 7a100tcsg324-3 


Slice Logic Utilization: 
 Number of Slice LUTs:                   13  out of  63400     0%  
    Number used as Logic:                13  out of  63400     0%  

Slice Logic Distribution: 
 Number of LUT Flip Flop pairs used:     13
   Number with an unused Flip Flop:      13  out of     13   100%  
   Number with an unused LUT:             0  out of     13     0%  
   Number of fully used LUT-FF pairs:     0  out of     13     0%  
   Number of unique control sets:         1

IO Utilization: 
 Number of IOs:                          44
 Number of bonded IOBs:                  44  out of    210    20%  
    IOB Flip Flops/Latches:               4

Specific Feature Utilization:

---------------------------
Partition Resource Summary:
---------------------------

  No Partitions were found in this design.

---------------------------


=========================================================================
Timing Report

NOTE: THESE TIMING NUMBERS ARE ONLY A SYNTHESIS ESTIMATE.
      FOR ACCURATE TIMING INFORMATION PLEASE REFER TO THE TRACE REPORT
      GENERATED AFTER PLACE-and-ROUTE.

Clock Information:
------------------
---------------------------------------------------+------------------------+-------+
Clock Signal                                       | Clock buffer(FF name)  | Load  |
---------------------------------------------------+------------------------+-------+
GND_3_o_GND_3_o_OR_52_o(GND_3_o_GND_3_o_OR_52_o1:O)| NONE(*)(nzvc_1)        | 4     |
---------------------------------------------------+------------------------+-------+
(*) This 1 clock signal(s) are generated by combinatorial logic,
and XST is not able to identify which are the primary clock signals.
Please use the CLOCK_SIGNAL constraint to specify the clock signal(s) generated by combinatorial logic.
INFO:Xst:2169 - HDL ADVISOR - Some clock signals were not automatically buffered by XST with BUFG/BUFR resources. Please use the buffer_type constraint in order to insert these buffers to the clock signals to help prevent skew problems.

Asynchronous Control Signals Information:
----------------------------------------
No asynchronous control signals found in this design

Timing Summary:
---------------
Speed Grade: -3

   Minimum period: No path found
   Minimum input arrival time before clock: 2.239ns
   Maximum output required time after clock: 0.751ns
   Maximum combinational path delay: No path found

Timing Details:
---------------
All values displayed in nanoseconds (ns)

=========================================================================
Timing constraint: Default OFFSET IN BEFORE for Clock 'GND_3_o_GND_3_o_OR_52_o'
  Total number of paths / destination ports: 63 / 4
-------------------------------------------------------------------------
Offset:              2.239ns (Levels of Logic = 4)
  Source:            aluop<3> (PAD)
  Destination:       nzvc_2 (LATCH)
  Destination Clock: GND_3_o_GND_3_o_OR_52_o falling

  Data Path: aluop<3> to nzvc_2
                                Gate     Net
    Cell:in->out      fanout   Delay   Delay  Logical Name (Net Name)
    ----------------------------------------  ------------
     IBUF:I->O             3   0.001   0.693  aluop_3_IBUF (aluop_3_IBUF)
     LUT5:I0->O            2   0.097   0.561  Mmux_nzvc[3]_GND_3_o_MUX_12_o111 (Mmux_nzvc[3]_GND_3_o_MUX_12_o11)
     LUT4:I0->O            1   0.097   0.693  Mmux_nzvc[3]_GND_3_o_MUX_12_o14 (Mmux_nzvc[3]_GND_3_o_MUX_12_o14)
     LUT6:I0->O            1   0.097   0.000  Mmux_nzvc[3]_GND_3_o_MUX_12_o17 (nzvc[3]_GND_3_o_MUX_12_o)
     LD:D                     -0.028          nzvc_2
    ----------------------------------------
    Total                      2.239ns (0.292ns logic, 1.947ns route)
                                       (13.0% logic, 87.0% route)

=========================================================================
Timing constraint: Default OFFSET OUT AFTER for Clock 'GND_3_o_GND_3_o_OR_52_o'
  Total number of paths / destination ports: 4 / 4
-------------------------------------------------------------------------
Offset:              0.751ns (Levels of Logic = 1)
  Source:            nzvc_3 (LATCH)
  Destination:       nzvc<3> (PAD)
  Source Clock:      GND_3_o_GND_3_o_OR_52_o falling

  Data Path: nzvc_3 to nzvc<3>
                                Gate     Net
    Cell:in->out      fanout   Delay   Delay  Logical Name (Net Name)
    ----------------------------------------  ------------
     LD:G->Q               1   0.472   0.279  nzvc_3 (nzvc_3)
     OBUF:I->O                 0.000          nzvc_3_OBUF (nzvc<3>)
    ----------------------------------------
    Total                      0.751ns (0.472ns logic, 0.279ns route)
                                       (62.8% logic, 37.2% route)

=========================================================================

Cross Clock Domains Report:
--------------------------

=========================================================================


Total REAL time to Xst completion: 19.00 secs
Total CPU time to Xst completion: 19.13 secs
 
--> 

Total memory usage is 238020 kilobytes

Number of errors   :    0 (   0 filtered)
Number of warnings :    5 (   0 filtered)
Number of infos    :    1 (   0 filtered)

