Command line:
   Register_File_isim_beh.exe
     -simmode  gui
     -simrunnum  0
     -socket  49217

Tue Apr 26 08:48:09 2016


 Elaboration Time: 0.109201 sec

 Current Memory Usage: 659.816 Meg

 Total Signals          : 10
 Total Nets             : 1428
 Total Signal Drivers   : 4
 Total Blocks           : 5
 Total Primitive Blocks : 5
 Total Processes        : 1
 Total Traceable Variables  : 15
 Total Scalar Nets and Variables : 1929
Total Line Count : 13

 Total Simulation Time: 0.171601 sec

 Current Memory Usage: 660.865 Meg

Tue Apr 26 08:52:43 2016

