Command line:
   Sumador_tb_isim_beh.exe
     -simmode  gui
     -simrunnum  0
     -socket  54275

Mon Apr 25 00:29:18 2016


 Elaboration Time: 0.078 sec

 Current Memory Usage: 659.591 Meg

 Total Signals          : 6
 Total Nets             : 96
 Total Signal Drivers   : 3
 Total Blocks           : 5
 Total Primitive Blocks : 4
 Total Processes        : 2
 Total Traceable Variables  : 10
 Total Scalar Nets and Variables : 474
Total Line Count : 5

 Total Simulation Time: 0.078 sec

 Current Memory Usage: 659.591 Meg

Mon Apr 25 00:29:35 2016

